#
# There is insufficient memory for the Java Runtime Environment to continue.
# Native memory allocation (malloc) failed to allocate 1177104 bytes for Chunk::new
# Possible reasons:
#   The system is out of physical RAM or swap space
#   The process is running with CompressedOops enabled, and the Java Heap may be blocking the growth of the native heap
# Possible solutions:
#   Reduce memory load on the system
#   Increase physical memory or swap space
#   Check if swap backing store is full
#   Decrease Java heap size (-Xmx/-Xms)
#   Decrease number of Java threads
#   Decrease Java thread stack sizes (-Xss)
#   Set larger code cache with -XX:ReservedCodeCacheSize=
#   JVM is running with Unscaled Compressed Oops mode in which the Java heap is
#     placed in the first 4GB address space. The Java Heap base address is the
#     maximum limit for the native heap growth. Please use -XX:HeapBaseMinAddress
#     to set the Java Heap base and to place the Java Heap above 4GB virtual address.
# This output file may be truncated or incomplete.
#
#  Out of Memory Error (arena.cpp:189), pid=27304, tid=31460
#
# JRE version: OpenJDK Runtime Environment (17.0.6) (build 17.0.6+0-b2043.56-10027231)
# Java VM: OpenJDK 64-Bit Server VM (17.0.6+0-b2043.56-10027231, mixed mode, tiered, compressed oops, compressed class ptrs, g1 gc, windows-amd64)
# No core dump will be written. Minidumps are not enabled by default on client versions of Windows
#

---------------  S U M M A R Y ------------

Command Line: --add-opens=java.base/java.util=ALL-UNNAMED --add-opens=java.base/java.lang=ALL-UNNAMED --add-opens=java.base/java.lang.invoke=ALL-UNNAMED --add-opens=java.prefs/java.util.prefs=ALL-UNNAMED --add-opens=java.base/java.nio.charset=ALL-UNNAMED --add-opens=java.base/java.net=ALL-UNNAMED --add-opens=java.base/java.util.concurrent.atomic=ALL-UNNAMED -Xmx2048m -Dfile.encoding=UTF-8 -Duser.country=US -Duser.language=en -Duser.variant org.gradle.launcher.daemon.bootstrap.GradleDaemon 8.0

Host: 11th Gen Intel(R) Core(TM) i7-11390H @ 3.40GHz, 8 cores, 15G,  Windows 11 , 64 bit Build 22621 (10.0.22621.2506)
Time: Mon Jan  1 22:44:56 2024 Malay Peninsula Standard Time elapsed time: 10.160103 seconds (0d 0h 0m 10s)

---------------  T H R E A D  ---------------

Current thread (0x000001e2cd080b20):  JavaThread "C2 CompilerThread0" daemon [_thread_in_native, id=31460, stack(0x000000c45c900000,0x000000c45ca00000)]


Current CompileTask:
C2:  10160 4328       4       java.util.regex.Pattern::compile (500 bytes)

Stack: [0x000000c45c900000,0x000000c45ca00000]
Native frames: (J=compiled Java code, j=interpreted, Vv=VM code, C=native code)
V  [jvm.dll+0x683c9a]
V  [jvm.dll+0x8427a4]
V  [jvm.dll+0x843f9e]
V  [jvm.dll+0x844603]
V  [jvm.dll+0x249b75]
V  [jvm.dll+0xabcac]
V  [jvm.dll+0xac27c]
V  [jvm.dll+0x368857]
V  [jvm.dll+0x332f31]
V  [jvm.dll+0x3323da]
V  [jvm.dll+0x21c201]
V  [jvm.dll+0x21b621]
V  [jvm.dll+0x1a4fdd]
V  [jvm.dll+0x22b098]
V  [jvm.dll+0x229159]
V  [jvm.dll+0x7f81ec]
V  [jvm.dll+0x7f274a]
V  [jvm.dll+0x682ad5]
C  [ucrtbase.dll+0x29363]
C  [KERNEL32.DLL+0x1257d]
C  [ntdll.dll+0x5aa58]


---------------  P R O C E S S  ---------------

Threads class SMR info:
_java_thread_list=0x000001e2d137f8d0, length=42, elements={
0x000001e2b07c7d40, 0x000001e2cd04e010, 0x000001e2cd04ebc0, 0x000001e2cd07a000,
0x000001e2cd07a9c0, 0x000001e2cd07d480, 0x000001e2cd07fe40, 0x000001e2cd080b20,
0x000001e2cd081510, 0x000001e2cd081f00, 0x000001e2cd20b030, 0x000001e2cd20f510,
0x000001e2ce31e210, 0x000001e2ce31c530, 0x000001e2ce31d870, 0x000001e2ce31dd40,
0x000001e2ce31d3a0, 0x000001e2ce31ebb0, 0x000001e2ce31e6e0, 0x000001e2ce31f080,
0x000001e2ce31fa20, 0x000001e2ce31f550, 0x000001e2ce31c060, 0x000001e2ce31ca00,
0x000001e2cfd825d0, 0x000001e2cfd82f70, 0x000001e2cfd81760, 0x000001e2cfd7e740,
0x000001e2cfd7ec10, 0x000001e2cfd7dda0, 0x000001e2cfd82aa0, 0x000001e2cfd7cf30,
0x000001e2cfd83440, 0x000001e2ce6f5030, 0x000001e2cfd7c0c0, 0x000001e2cfd7d400,
0x000001e2cfd80420, 0x000001e2cfd7d8d0, 0x000001e2cfd7fa80, 0x000001e2cfd7e270,
0x000001e2cfd808f0, 0x000001e2cfd80dc0
}

Java Threads: ( => current thread )
  0x000001e2b07c7d40 JavaThread "main" [_thread_blocked, id=27216, stack(0x000000c45bc00000,0x000000c45bd00000)]
  0x000001e2cd04e010 JavaThread "Reference Handler" daemon [_thread_blocked, id=30888, stack(0x000000c45c300000,0x000000c45c400000)]
  0x000001e2cd04ebc0 JavaThread "Finalizer" daemon [_thread_blocked, id=5156, stack(0x000000c45c400000,0x000000c45c500000)]
  0x000001e2cd07a000 JavaThread "Signal Dispatcher" daemon [_thread_blocked, id=22188, stack(0x000000c45c500000,0x000000c45c600000)]
  0x000001e2cd07a9c0 JavaThread "Attach Listener" daemon [_thread_blocked, id=23580, stack(0x000000c45c600000,0x000000c45c700000)]
  0x000001e2cd07d480 JavaThread "Service Thread" daemon [_thread_blocked, id=15460, stack(0x000000c45c700000,0x000000c45c800000)]
  0x000001e2cd07fe40 JavaThread "Monitor Deflation Thread" daemon [_thread_blocked, id=19948, stack(0x000000c45c800000,0x000000c45c900000)]
=>0x000001e2cd080b20 JavaThread "C2 CompilerThread0" daemon [_thread_in_native, id=31460, stack(0x000000c45c900000,0x000000c45ca00000)]
  0x000001e2cd081510 JavaThread "C1 CompilerThread0" daemon [_thread_blocked, id=14940, stack(0x000000c45ca00000,0x000000c45cb00000)]
  0x000001e2cd081f00 JavaThread "Sweeper thread" daemon [_thread_blocked, id=31000, stack(0x000000c45cb00000,0x000000c45cc00000)]
  0x000001e2cd20b030 JavaThread "Common-Cleaner" daemon [_thread_blocked, id=30036, stack(0x000000c45cc00000,0x000000c45cd00000)]
  0x000001e2cd20f510 JavaThread "Notification Thread" daemon [_thread_blocked, id=4920, stack(0x000000c45cd00000,0x000000c45ce00000)]
  0x000001e2ce31e210 JavaThread "Daemon health stats" [_thread_blocked, id=6304, stack(0x000000c45d500000,0x000000c45d600000)]
  0x000001e2ce31c530 JavaThread "Incoming local TCP Connector on port 60244" [_thread_in_native, id=14328, stack(0x000000c45d600000,0x000000c45d700000)]
  0x000001e2ce31d870 JavaThread "Daemon periodic checks" [_thread_blocked, id=19684, stack(0x000000c45d700000,0x000000c45d800000)]
  0x000001e2ce31dd40 JavaThread "Daemon" [_thread_blocked, id=5788, stack(0x000000c45d800000,0x000000c45d900000)]
  0x000001e2ce31d3a0 JavaThread "Handler for socket connection from /127.0.0.1:60244 to /127.0.0.1:60245" [_thread_in_native, id=26388, stack(0x000000c45d900000,0x000000c45da00000)]
  0x000001e2ce31ebb0 JavaThread "Cancel handler" [_thread_blocked, id=23092, stack(0x000000c45da00000,0x000000c45db00000)]
  0x000001e2ce31e6e0 JavaThread "Daemon worker" [_thread_in_vm, id=30584, stack(0x000000c45db00000,0x000000c45dc00000)]
  0x000001e2ce31f080 JavaThread "Asynchronous log dispatcher for DefaultDaemonConnection: socket connection from /127.0.0.1:60244 to /127.0.0.1:60245" [_thread_blocked, id=2692, stack(0x000000c45dc00000,0x000000c45dd00000)]
  0x000001e2ce31fa20 JavaThread "Stdin handler" [_thread_blocked, id=9504, stack(0x000000c45dd00000,0x000000c45de00000)]
  0x000001e2ce31f550 JavaThread "Daemon client event forwarder" [_thread_blocked, id=4928, stack(0x000000c45de00000,0x000000c45df00000)]
  0x000001e2ce31c060 JavaThread "Cache worker for journal cache (C:\Users\Dell\.gradle\caches\journal-1)" [_thread_blocked, id=1880, stack(0x000000c45e100000,0x000000c45e200000)]
  0x000001e2ce31ca00 JavaThread "File lock request listener" [_thread_in_native, id=4264, stack(0x000000c45e200000,0x000000c45e300000)]
  0x000001e2cfd825d0 JavaThread "Cache worker for file hash cache (C:\Users\Dell\.gradle\caches\8.0\fileHashes)" [_thread_blocked, id=10600, stack(0x000000c45e300000,0x000000c45e400000)]
  0x000001e2cfd82f70 JavaThread "File watcher server" daemon [_thread_in_native, id=24992, stack(0x000000c45e500000,0x000000c45e600000)]
  0x000001e2cfd81760 JavaThread "File watcher consumer" daemon [_thread_blocked, id=26664, stack(0x000000c45e600000,0x000000c45e700000)]
  0x000001e2cfd7e740 JavaThread "Cache worker for checksums cache (C:\Users\Dell\AndroidStudioProjects\Ecocity\.gradle\8.0\checksums)" [_thread_blocked, id=4880, stack(0x000000c45e700000,0x000000c45e800000)]
  0x000001e2cfd7ec10 JavaThread "Cache worker for cache directory md-rule (C:\Users\Dell\.gradle\caches\8.0\md-rule)" [_thread_blocked, id=18828, stack(0x000000c45e800000,0x000000c45e900000)]
  0x000001e2cfd7dda0 JavaThread "Cache worker for file content cache (C:\Users\Dell\.gradle\caches\8.0\fileContent)" [_thread_blocked, id=16256, stack(0x000000c45e900000,0x000000c45ea00000)]
  0x000001e2cfd82aa0 JavaThread "Cache worker for file hash cache (C:\Users\Dell\AndroidStudioProjects\Ecocity\.gradle\8.0\fileHashes)" [_thread_blocked, id=28832, stack(0x000000c45ea00000,0x000000c45eb00000)]
  0x000001e2cfd7cf30 JavaThread "Cache worker for cache directory md-supplier (C:\Users\Dell\.gradle\caches\8.0\md-supplier)" [_thread_blocked, id=29036, stack(0x000000c45eb00000,0x000000c45ec00000)]
  0x000001e2cfd83440 JavaThread "Cache worker for execution history cache (C:\Users\Dell\.gradle\caches\8.0\executionHistory)" [_thread_blocked, id=13628, stack(0x000000c45e400000,0x000000c45e500000)]
  0x000001e2ce6f5030 JavaThread "C2 CompilerThread1" daemon [_thread_blocked, id=21168, stack(0x000000c45ec00000,0x000000c45ed00000)]
  0x000001e2cfd7c0c0 JavaThread "jar transforms" [_thread_blocked, id=19088, stack(0x000000c45ed00000,0x000000c45ee00000)]
  0x000001e2cfd7d400 JavaThread "jar transforms Thread 2" [_thread_blocked, id=26048, stack(0x000000c45ee00000,0x000000c45ef00000)]
  0x000001e2cfd80420 JavaThread "Cache worker for kotlin-dsl (C:\Users\Dell\.gradle\caches\8.0\kotlin-dsl)" [_thread_blocked, id=27484, stack(0x000000c45f000000,0x000000c45f100000)]
  0x000001e2cfd7d8d0 JavaThread "jar transforms Thread 3" [_thread_blocked, id=26648, stack(0x000000c45f100000,0x000000c45f200000)]
  0x000001e2cfd7fa80 JavaThread "jar transforms Thread 4" [_thread_blocked, id=28712, stack(0x000000c45f200000,0x000000c45f300000)]
  0x000001e2cfd7e270 JavaThread "Cache worker for dependencies-accessors (C:\Users\Dell\AndroidStudioProjects\Ecocity\.gradle\8.0\dependencies-accessors)" [_thread_blocked, id=22404, stack(0x000000c45f300000,0x000000c45f400000)]
  0x000001e2cfd808f0 JavaThread "Cache worker for Build Output Cleanup Cache (C:\Users\Dell\AndroidStudioProjects\Ecocity\.gradle\buildOutputCleanup)" [_thread_blocked, id=22312, stack(0x000000c45ef00000,0x000000c45f000000)]
  0x000001e2cfd80dc0 JavaThread "jar transforms Thread 5" [_thread_blocked, id=18596, stack(0x000000c45f400000,0x000000c45f500000)]

Other Threads:
  0x000001e2cd02fc20 VMThread "VM Thread" [stack: 0x000000c45c200000,0x000000c45c300000] [id=31148]
  0x000001e2cd20f9e0 WatcherThread [stack: 0x000000c45ce00000,0x000000c45cf00000] [id=17012]
  0x000001e2b0823950 GCTaskThread "GC Thread#0" [stack: 0x000000c45bd00000,0x000000c45be00000] [id=13744]
  0x000001e2cd72f300 GCTaskThread "GC Thread#1" [stack: 0x000000c45d000000,0x000000c45d100000] [id=29516]
  0x000001e2cd72f5b0 GCTaskThread "GC Thread#2" [stack: 0x000000c45d100000,0x000000c45d200000] [id=2496]
  0x000001e2cd72f860 GCTaskThread "GC Thread#3" [stack: 0x000000c45d200000,0x000000c45d300000] [id=25612]
  0x000001e2cdbe4b40 GCTaskThread "GC Thread#4" [stack: 0x000000c45d300000,0x000000c45d400000] [id=8264]
  0x000001e2ce229a20 GCTaskThread "GC Thread#5" [stack: 0x000000c45d400000,0x000000c45d500000] [id=27292]
  0x000001e2cfbe09b0 GCTaskThread "GC Thread#6" [stack: 0x000000c45cf00000,0x000000c45d000000] [id=12424]
  0x000001e2ce42e330 GCTaskThread "GC Thread#7" [stack: 0x000000c45df00000,0x000000c45e000000] [id=376]
  0x000001e2b0834890 ConcurrentGCThread "G1 Main Marker" [stack: 0x000000c45be00000,0x000000c45bf00000] [id=9004]
  0x000001e2b08352a0 ConcurrentGCThread "G1 Conc#0" [stack: 0x000000c45bf00000,0x000000c45c000000] [id=20884]
  0x000001e2d008c270 ConcurrentGCThread "G1 Conc#1" [stack: 0x000000c45e000000,0x000000c45e100000] [id=16140]
  0x000001e2b088dfd0 ConcurrentGCThread "G1 Refine#0" [stack: 0x000000c45c000000,0x000000c45c100000] [id=30304]
  0x000001e2b088e9f0 ConcurrentGCThread "G1 Service" [stack: 0x000000c45c100000,0x000000c45c200000] [id=26712]

Threads with active compile tasks:
C2 CompilerThread0    10190 4328       4       java.util.regex.Pattern::compile (500 bytes)
C1 CompilerThread0    10190 4350       3       java.lang.reflect.ProxyGenerator$ProxyMethod::generateMethod (548 bytes)
C2 CompilerThread1    10190 4349       4       jdk.internal.org.objectweb.asm.Frame::merge (317 bytes)

VM state: not at safepoint (normal execution)

VM Mutex/Monitor currently owned by a thread: None

Heap address: 0x0000000080000000, size: 2048 MB, Compressed Oops mode: 32-bit

CDS archive(s) not mapped
Compressed class space mapped at: 0x0000000100000000-0x0000000140000000, reserved size: 1073741824
Narrow klass base: 0x0000000000000000, Narrow klass shift: 3, Narrow klass range: 0x140000000

GC Precious Log:
 CPUs: 8 total, 8 available
 Memory: 16122M
 Large Page Support: Disabled
 NUMA Support: Disabled
 Compressed Oops: Enabled (32-bit)
 Heap Region Size: 1M
 Heap Min Capacity: 8M
 Heap Initial Capacity: 252M
 Heap Max Capacity: 2G
 Pre-touch: Disabled
 Parallel Workers: 8
 Concurrent Workers: 2
 Concurrent Refinement Workers: 8
 Periodic GC: Disabled

Heap:
 garbage-first heap   total 162816K, used 103699K [0x0000000080000000, 0x0000000100000000)
  region size 1024K, 77 young (78848K), 3 survivors (3072K)
 Metaspace       used 52193K, committed 52672K, reserved 1097728K
  class space    used 7017K, committed 7232K, reserved 1048576K

Heap Regions: E=young(eden), S=young(survivor), O=old, HS=humongous(starts), HC=humongous(continues), CS=collection set, F=free, OA=open archive, CA=closed archive, TAMS=top-at-mark-start (previous, next)
|   0|0x0000000080000000, 0x0000000080100000, 0x0000000080100000|100%|HS|  |TAMS 0x0000000080100000, 0x0000000080000000| Complete 
|   1|0x0000000080100000, 0x0000000080200000, 0x0000000080200000|100%|HC|  |TAMS 0x0000000080200000, 0x0000000080100000| Complete 
|   2|0x0000000080200000, 0x0000000080300000, 0x0000000080300000|100%|HC|  |TAMS 0x0000000080300000, 0x0000000080200000| Complete 
|   3|0x0000000080300000, 0x0000000080400000, 0x0000000080400000|100%|HC|  |TAMS 0x0000000080400000, 0x0000000080300000| Complete 
|   4|0x0000000080400000, 0x0000000080500000, 0x0000000080500000|100%| O|  |TAMS 0x0000000080500000, 0x0000000080400000| Untracked 
|   5|0x0000000080500000, 0x0000000080600000, 0x0000000080600000|100%| O|  |TAMS 0x0000000080600000, 0x0000000080500000| Untracked 
|   6|0x0000000080600000, 0x0000000080700000, 0x0000000080700000|100%| O|  |TAMS 0x0000000080700000, 0x0000000080600000| Untracked 
|   7|0x0000000080700000, 0x0000000080800000, 0x0000000080800000|100%| O|  |TAMS 0x0000000080800000, 0x0000000080700000| Untracked 
|   8|0x0000000080800000, 0x0000000080900000, 0x0000000080900000|100%| O|  |TAMS 0x0000000080900000, 0x0000000080800000| Untracked 
|   9|0x0000000080900000, 0x0000000080a00000, 0x0000000080a00000|100%| O|  |TAMS 0x0000000080a00000, 0x0000000080900000| Untracked 
|  10|0x0000000080a00000, 0x0000000080b00000, 0x0000000080b00000|100%| O|  |TAMS 0x0000000080b00000, 0x0000000080a00000| Untracked 
|  11|0x0000000080b00000, 0x0000000080c00000, 0x0000000080c00000|100%| O|  |TAMS 0x0000000080b00000, 0x0000000080b00000| Untracked 
|  12|0x0000000080c00000, 0x0000000080d00000, 0x0000000080d00000|100%| O|  |TAMS 0x0000000080d00000, 0x0000000080c00000| Untracked 
|  13|0x0000000080d00000, 0x0000000080e00000, 0x0000000080e00000|100%| O|  |TAMS 0x0000000080e00000, 0x0000000080d00000| Untracked 
|  14|0x0000000080e00000, 0x0000000080f00000, 0x0000000080f00000|100%| O|  |TAMS 0x0000000080f00000, 0x0000000080e00000| Untracked 
|  15|0x0000000080f00000, 0x0000000081000000, 0x0000000081000000|100%| O|  |TAMS 0x0000000081000000, 0x0000000080f00000| Untracked 
|  16|0x0000000081000000, 0x0000000081100000, 0x0000000081100000|100%| O|  |TAMS 0x0000000081100000, 0x0000000081000000| Untracked 
|  17|0x0000000081100000, 0x0000000081200000, 0x0000000081200000|100%| O|  |TAMS 0x0000000081200000, 0x0000000081100000| Untracked 
|  18|0x0000000081200000, 0x0000000081300000, 0x0000000081300000|100%| O|  |TAMS 0x0000000081300000, 0x0000000081200000| Untracked 
|  19|0x0000000081300000, 0x0000000081400000, 0x0000000081400000|100%| O|  |TAMS 0x0000000081400000, 0x0000000081300000| Untracked 
|  20|0x0000000081400000, 0x0000000081500000, 0x0000000081500000|100%|HS|  |TAMS 0x0000000081400000, 0x0000000081400000| Complete 
|  21|0x0000000081500000, 0x0000000081600000, 0x0000000081600000|100%| O|  |TAMS 0x0000000081500000, 0x0000000081500000| Untracked 
|  22|0x0000000081600000, 0x0000000081700000, 0x0000000081700000|100%| O|  |TAMS 0x0000000081600000, 0x0000000081600000| Untracked 
|  23|0x0000000081700000, 0x0000000081800000, 0x0000000081800000|100%| O|  |TAMS 0x0000000081700000, 0x0000000081700000| Untracked 
|  24|0x0000000081800000, 0x0000000081900000, 0x0000000081900000|100%| O|  |TAMS 0x0000000081800000, 0x0000000081800000| Untracked 
|  25|0x0000000081900000, 0x0000000081a00000, 0x0000000081a00000|100%| O|  |TAMS 0x0000000081900000, 0x0000000081900000| Untracked 
|  26|0x0000000081a00000, 0x0000000081b00000, 0x0000000081b00000|100%| O|  |TAMS 0x0000000081a00000, 0x0000000081a00000| Untracked 
|  27|0x0000000081b00000, 0x0000000081b03e00, 0x0000000081c00000|  1%| O|  |TAMS 0x0000000081b00000, 0x0000000081b00000| Untracked 
|  28|0x0000000081c00000, 0x0000000081c00000, 0x0000000081d00000|  0%| F|  |TAMS 0x0000000081c00000, 0x0000000081c00000| Untracked 
|  29|0x0000000081d00000, 0x0000000081d00000, 0x0000000081e00000|  0%| F|  |TAMS 0x0000000081d00000, 0x0000000081d00000| Untracked 
|  30|0x0000000081e00000, 0x0000000081e00000, 0x0000000081f00000|  0%| F|  |TAMS 0x0000000081e00000, 0x0000000081e00000| Untracked 
|  31|0x0000000081f00000, 0x0000000081f00000, 0x0000000082000000|  0%| F|  |TAMS 0x0000000081f00000, 0x0000000081f00000| Untracked 
|  32|0x0000000082000000, 0x0000000082000000, 0x0000000082100000|  0%| F|  |TAMS 0x0000000082000000, 0x0000000082000000| Untracked 
|  33|0x0000000082100000, 0x0000000082100000, 0x0000000082200000|  0%| F|  |TAMS 0x0000000082100000, 0x0000000082100000| Untracked 
|  34|0x0000000082200000, 0x0000000082200000, 0x0000000082300000|  0%| F|  |TAMS 0x0000000082200000, 0x0000000082200000| Untracked 
|  35|0x0000000082300000, 0x0000000082300000, 0x0000000082400000|  0%| F|  |TAMS 0x0000000082300000, 0x0000000082300000| Untracked 
|  36|0x0000000082400000, 0x0000000082400000, 0x0000000082500000|  0%| F|  |TAMS 0x0000000082400000, 0x0000000082400000| Untracked 
|  37|0x0000000082500000, 0x0000000082500000, 0x0000000082600000|  0%| F|  |TAMS 0x0000000082500000, 0x0000000082500000| Untracked 
|  38|0x0000000082600000, 0x0000000082600000, 0x0000000082700000|  0%| F|  |TAMS 0x0000000082600000, 0x0000000082600000| Untracked 
|  39|0x0000000082700000, 0x0000000082700000, 0x0000000082800000|  0%| F|  |TAMS 0x0000000082700000, 0x0000000082700000| Untracked 
|  40|0x0000000082800000, 0x0000000082800000, 0x0000000082900000|  0%| F|  |TAMS 0x0000000082800000, 0x0000000082800000| Untracked 
|  41|0x0000000082900000, 0x0000000082940e50, 0x0000000082a00000| 25%| S|CS|TAMS 0x0000000082900000, 0x0000000082900000| Complete 
|  42|0x0000000082a00000, 0x0000000082b00000, 0x0000000082b00000|100%| S|CS|TAMS 0x0000000082a00000, 0x0000000082a00000| Complete 
|  43|0x0000000082b00000, 0x0000000082c00000, 0x0000000082c00000|100%| S|CS|TAMS 0x0000000082b00000, 0x0000000082b00000| Complete 
|  44|0x0000000082c00000, 0x0000000082c00000, 0x0000000082d00000|  0%| F|  |TAMS 0x0000000082c00000, 0x0000000082c00000| Untracked 
|  45|0x0000000082d00000, 0x0000000082d00000, 0x0000000082e00000|  0%| F|  |TAMS 0x0000000082d00000, 0x0000000082d00000| Untracked 
|  46|0x0000000082e00000, 0x0000000082e00000, 0x0000000082f00000|  0%| F|  |TAMS 0x0000000082e00000, 0x0000000082e00000| Untracked 
|  47|0x0000000082f00000, 0x0000000082f00000, 0x0000000083000000|  0%| F|  |TAMS 0x0000000082f00000, 0x0000000082f00000| Untracked 
|  48|0x0000000083000000, 0x0000000083000000, 0x0000000083100000|  0%| F|  |TAMS 0x0000000083000000, 0x0000000083000000| Untracked 
|  49|0x0000000083100000, 0x0000000083100000, 0x0000000083200000|  0%| F|  |TAMS 0x0000000083100000, 0x0000000083100000| Untracked 
|  50|0x0000000083200000, 0x0000000083200000, 0x0000000083300000|  0%| F|  |TAMS 0x0000000083200000, 0x0000000083200000| Untracked 
|  51|0x0000000083300000, 0x0000000083300000, 0x0000000083400000|  0%| F|  |TAMS 0x0000000083300000, 0x0000000083300000| Untracked 
|  52|0x0000000083400000, 0x0000000083400000, 0x0000000083500000|  0%| F|  |TAMS 0x0000000083400000, 0x0000000083400000| Untracked 
|  53|0x0000000083500000, 0x0000000083500000, 0x0000000083600000|  0%| F|  |TAMS 0x0000000083500000, 0x0000000083500000| Untracked 
|  54|0x0000000083600000, 0x0000000083600000, 0x0000000083700000|  0%| F|  |TAMS 0x0000000083600000, 0x0000000083600000| Untracked 
|  55|0x0000000083700000, 0x0000000083700000, 0x0000000083800000|  0%| F|  |TAMS 0x0000000083700000, 0x0000000083700000| Untracked 
|  56|0x0000000083800000, 0x0000000083800000, 0x0000000083900000|  0%| F|  |TAMS 0x0000000083800000, 0x0000000083800000| Untracked 
|  57|0x0000000083900000, 0x0000000083900000, 0x0000000083a00000|  0%| F|  |TAMS 0x0000000083900000, 0x0000000083900000| Untracked 
|  58|0x0000000083a00000, 0x0000000083a00000, 0x0000000083b00000|  0%| F|  |TAMS 0x0000000083a00000, 0x0000000083a00000| Untracked 
|  59|0x0000000083b00000, 0x0000000083b00000, 0x0000000083c00000|  0%| F|  |TAMS 0x0000000083b00000, 0x0000000083b00000| Untracked 
|  60|0x0000000083c00000, 0x0000000083c00000, 0x0000000083d00000|  0%| F|  |TAMS 0x0000000083c00000, 0x0000000083c00000| Untracked 
|  61|0x0000000083d00000, 0x0000000083d00000, 0x0000000083e00000|  0%| F|  |TAMS 0x0000000083d00000, 0x0000000083d00000| Untracked 
|  62|0x0000000083e00000, 0x0000000083e00000, 0x0000000083f00000|  0%| F|  |TAMS 0x0000000083e00000, 0x0000000083e00000| Untracked 
|  63|0x0000000083f00000, 0x0000000083f00000, 0x0000000084000000|  0%| F|  |TAMS 0x0000000083f00000, 0x0000000083f00000| Untracked 
|  64|0x0000000084000000, 0x0000000084000000, 0x0000000084100000|  0%| F|  |TAMS 0x0000000084000000, 0x0000000084000000| Untracked 
|  65|0x0000000084100000, 0x0000000084100000, 0x0000000084200000|  0%| F|  |TAMS 0x0000000084100000, 0x0000000084100000| Untracked 
|  66|0x0000000084200000, 0x0000000084200000, 0x0000000084300000|  0%| F|  |TAMS 0x0000000084200000, 0x0000000084200000| Untracked 
|  67|0x0000000084300000, 0x0000000084300000, 0x0000000084400000|  0%| F|  |TAMS 0x0000000084300000, 0x0000000084300000| Untracked 
|  68|0x0000000084400000, 0x0000000084400000, 0x0000000084500000|  0%| F|  |TAMS 0x0000000084400000, 0x0000000084400000| Untracked 
|  69|0x0000000084500000, 0x0000000084500000, 0x0000000084600000|  0%| F|  |TAMS 0x0000000084500000, 0x0000000084500000| Untracked 
|  70|0x0000000084600000, 0x0000000084600000, 0x0000000084700000|  0%| F|  |TAMS 0x0000000084600000, 0x0000000084600000| Untracked 
|  71|0x0000000084700000, 0x0000000084700000, 0x0000000084800000|  0%| F|  |TAMS 0x0000000084700000, 0x0000000084700000| Untracked 
|  72|0x0000000084800000, 0x0000000084800000, 0x0000000084900000|  0%| F|  |TAMS 0x0000000084800000, 0x0000000084800000| Untracked 
|  73|0x0000000084900000, 0x0000000084900000, 0x0000000084a00000|  0%| F|  |TAMS 0x0000000084900000, 0x0000000084900000| Untracked 
|  74|0x0000000084a00000, 0x0000000084a00000, 0x0000000084b00000|  0%| F|  |TAMS 0x0000000084a00000, 0x0000000084a00000| Untracked 
|  75|0x0000000084b00000, 0x0000000084b00000, 0x0000000084c00000|  0%| F|  |TAMS 0x0000000084b00000, 0x0000000084b00000| Untracked 
|  76|0x0000000084c00000, 0x0000000084c00000, 0x0000000084d00000|  0%| F|  |TAMS 0x0000000084c00000, 0x0000000084c00000| Untracked 
|  77|0x0000000084d00000, 0x0000000084d00000, 0x0000000084e00000|  0%| F|  |TAMS 0x0000000084d00000, 0x0000000084d00000| Untracked 
|  78|0x0000000084e00000, 0x0000000084e00000, 0x0000000084f00000|  0%| F|  |TAMS 0x0000000084e00000, 0x0000000084e00000| Untracked 
|  79|0x0000000084f00000, 0x0000000084f00000, 0x0000000085000000|  0%| F|  |TAMS 0x0000000084f00000, 0x0000000084f00000| Untracked 
|  80|0x0000000085000000, 0x0000000085000000, 0x0000000085100000|  0%| F|  |TAMS 0x0000000085000000, 0x0000000085000000| Untracked 
|  81|0x0000000085100000, 0x0000000085100000, 0x0000000085200000|  0%| F|  |TAMS 0x0000000085100000, 0x0000000085100000| Untracked 
|  82|0x0000000085200000, 0x0000000085200000, 0x0000000085300000|  0%| F|  |TAMS 0x0000000085200000, 0x0000000085200000| Untracked 
|  83|0x0000000085300000, 0x0000000085300000, 0x0000000085400000|  0%| F|  |TAMS 0x0000000085300000, 0x0000000085300000| Untracked 
|  84|0x0000000085400000, 0x0000000085400000, 0x0000000085500000|  0%| F|  |TAMS 0x0000000085400000, 0x0000000085400000| Untracked 
|  85|0x0000000085500000, 0x0000000085580800, 0x0000000085600000| 50%| E|  |TAMS 0x0000000085500000, 0x0000000085500000| Complete 
|  86|0x0000000085600000, 0x0000000085700000, 0x0000000085700000|100%| E|CS|TAMS 0x0000000085600000, 0x0000000085600000| Complete 
|  87|0x0000000085700000, 0x0000000085800000, 0x0000000085800000|100%| E|CS|TAMS 0x0000000085700000, 0x0000000085700000| Complete 
|  88|0x0000000085800000, 0x0000000085900000, 0x0000000085900000|100%| E|CS|TAMS 0x0000000085800000, 0x0000000085800000| Complete 
|  89|0x0000000085900000, 0x0000000085a00000, 0x0000000085a00000|100%| E|CS|TAMS 0x0000000085900000, 0x0000000085900000| Complete 
|  90|0x0000000085a00000, 0x0000000085b00000, 0x0000000085b00000|100%| E|CS|TAMS 0x0000000085a00000, 0x0000000085a00000| Complete 
|  91|0x0000000085b00000, 0x0000000085c00000, 0x0000000085c00000|100%| E|CS|TAMS 0x0000000085b00000, 0x0000000085b00000| Complete 
|  92|0x0000000085c00000, 0x0000000085d00000, 0x0000000085d00000|100%| E|CS|TAMS 0x0000000085c00000, 0x0000000085c00000| Complete 
|  93|0x0000000085d00000, 0x0000000085e00000, 0x0000000085e00000|100%| E|CS|TAMS 0x0000000085d00000, 0x0000000085d00000| Complete 
|  94|0x0000000085e00000, 0x0000000085f00000, 0x0000000085f00000|100%| E|CS|TAMS 0x0000000085e00000, 0x0000000085e00000| Complete 
|  95|0x0000000085f00000, 0x0000000086000000, 0x0000000086000000|100%| E|CS|TAMS 0x0000000085f00000, 0x0000000085f00000| Complete 
|  96|0x0000000086000000, 0x0000000086100000, 0x0000000086100000|100%| E|CS|TAMS 0x0000000086000000, 0x0000000086000000| Complete 
|  97|0x0000000086100000, 0x0000000086200000, 0x0000000086200000|100%| E|CS|TAMS 0x0000000086100000, 0x0000000086100000| Complete 
|  98|0x0000000086200000, 0x0000000086300000, 0x0000000086300000|100%| E|CS|TAMS 0x0000000086200000, 0x0000000086200000| Complete 
|  99|0x0000000086300000, 0x0000000086400000, 0x0000000086400000|100%| E|CS|TAMS 0x0000000086300000, 0x0000000086300000| Complete 
| 100|0x0000000086400000, 0x0000000086500000, 0x0000000086500000|100%| E|CS|TAMS 0x0000000086400000, 0x0000000086400000| Complete 
| 101|0x0000000086500000, 0x0000000086600000, 0x0000000086600000|100%| E|CS|TAMS 0x0000000086500000, 0x0000000086500000| Complete 
| 102|0x0000000086600000, 0x0000000086700000, 0x0000000086700000|100%| E|CS|TAMS 0x0000000086600000, 0x0000000086600000| Complete 
| 103|0x0000000086700000, 0x0000000086800000, 0x0000000086800000|100%| E|CS|TAMS 0x0000000086700000, 0x0000000086700000| Complete 
| 104|0x0000000086800000, 0x0000000086900000, 0x0000000086900000|100%| E|CS|TAMS 0x0000000086800000, 0x0000000086800000| Complete 
| 105|0x0000000086900000, 0x0000000086a00000, 0x0000000086a00000|100%| E|CS|TAMS 0x0000000086900000, 0x0000000086900000| Complete 
| 106|0x0000000086a00000, 0x0000000086b00000, 0x0000000086b00000|100%| E|CS|TAMS 0x0000000086a00000, 0x0000000086a00000| Complete 
| 107|0x0000000086b00000, 0x0000000086c00000, 0x0000000086c00000|100%| E|CS|TAMS 0x0000000086b00000, 0x0000000086b00000| Complete 
| 108|0x0000000086c00000, 0x0000000086d00000, 0x0000000086d00000|100%| E|CS|TAMS 0x0000000086c00000, 0x0000000086c00000| Complete 
| 109|0x0000000086d00000, 0x0000000086e00000, 0x0000000086e00000|100%| E|CS|TAMS 0x0000000086d00000, 0x0000000086d00000| Complete 
| 110|0x0000000086e00000, 0x0000000086f00000, 0x0000000086f00000|100%| E|CS|TAMS 0x0000000086e00000, 0x0000000086e00000| Complete 
| 111|0x0000000086f00000, 0x0000000087000000, 0x0000000087000000|100%| E|CS|TAMS 0x0000000086f00000, 0x0000000086f00000| Complete 
| 112|0x0000000087000000, 0x0000000087100000, 0x0000000087100000|100%| E|CS|TAMS 0x0000000087000000, 0x0000000087000000| Complete 
| 113|0x0000000087100000, 0x0000000087200000, 0x0000000087200000|100%| E|CS|TAMS 0x0000000087100000, 0x0000000087100000| Complete 
| 114|0x0000000087200000, 0x0000000087300000, 0x0000000087300000|100%| E|CS|TAMS 0x0000000087200000, 0x0000000087200000| Complete 
| 115|0x0000000087300000, 0x0000000087400000, 0x0000000087400000|100%| E|CS|TAMS 0x0000000087300000, 0x0000000087300000| Complete 
| 116|0x0000000087400000, 0x0000000087500000, 0x0000000087500000|100%| E|CS|TAMS 0x0000000087400000, 0x0000000087400000| Complete 
| 117|0x0000000087500000, 0x0000000087600000, 0x0000000087600000|100%| E|CS|TAMS 0x0000000087500000, 0x0000000087500000| Complete 
| 118|0x0000000087600000, 0x0000000087700000, 0x0000000087700000|100%| E|CS|TAMS 0x0000000087600000, 0x0000000087600000| Complete 
| 119|0x0000000087700000, 0x0000000087800000, 0x0000000087800000|100%| E|CS|TAMS 0x0000000087700000, 0x0000000087700000| Complete 
| 120|0x0000000087800000, 0x0000000087900000, 0x0000000087900000|100%| E|CS|TAMS 0x0000000087800000, 0x0000000087800000| Complete 
| 121|0x0000000087900000, 0x0000000087a00000, 0x0000000087a00000|100%| E|CS|TAMS 0x0000000087900000, 0x0000000087900000| Complete 
| 122|0x0000000087a00000, 0x0000000087b00000, 0x0000000087b00000|100%| E|CS|TAMS 0x0000000087a00000, 0x0000000087a00000| Complete 
| 123|0x0000000087b00000, 0x0000000087c00000, 0x0000000087c00000|100%| E|CS|TAMS 0x0000000087b00000, 0x0000000087b00000| Complete 
| 124|0x0000000087c00000, 0x0000000087d00000, 0x0000000087d00000|100%| E|CS|TAMS 0x0000000087c00000, 0x0000000087c00000| Complete 
| 125|0x0000000087d00000, 0x0000000087e00000, 0x0000000087e00000|100%| E|CS|TAMS 0x0000000087d00000, 0x0000000087d00000| Complete 
| 126|0x0000000087e00000, 0x0000000087f00000, 0x0000000087f00000|100%| E|CS|TAMS 0x0000000087e00000, 0x0000000087e00000| Complete 
| 127|0x0000000087f00000, 0x0000000088000000, 0x0000000088000000|100%| E|CS|TAMS 0x0000000087f00000, 0x0000000087f00000| Complete 
| 128|0x0000000088000000, 0x0000000088100000, 0x0000000088100000|100%| E|CS|TAMS 0x0000000088000000, 0x0000000088000000| Complete 
| 129|0x0000000088100000, 0x0000000088200000, 0x0000000088200000|100%| E|CS|TAMS 0x0000000088100000, 0x0000000088100000| Complete 
| 130|0x0000000088200000, 0x0000000088300000, 0x0000000088300000|100%| E|CS|TAMS 0x0000000088200000, 0x0000000088200000| Complete 
| 131|0x0000000088300000, 0x0000000088400000, 0x0000000088400000|100%| E|CS|TAMS 0x0000000088300000, 0x0000000088300000| Complete 
| 132|0x0000000088400000, 0x0000000088500000, 0x0000000088500000|100%| E|CS|TAMS 0x0000000088400000, 0x0000000088400000| Complete 
| 133|0x0000000088500000, 0x0000000088600000, 0x0000000088600000|100%| E|CS|TAMS 0x0000000088500000, 0x0000000088500000| Complete 
| 134|0x0000000088600000, 0x0000000088700000, 0x0000000088700000|100%| E|CS|TAMS 0x0000000088600000, 0x0000000088600000| Complete 
| 135|0x0000000088700000, 0x0000000088800000, 0x0000000088800000|100%| E|CS|TAMS 0x0000000088700000, 0x0000000088700000| Complete 
| 136|0x0000000088800000, 0x0000000088900000, 0x0000000088900000|100%| E|CS|TAMS 0x0000000088800000, 0x0000000088800000| Complete 
| 137|0x0000000088900000, 0x0000000088a00000, 0x0000000088a00000|100%| E|CS|TAMS 0x0000000088900000, 0x0000000088900000| Complete 
| 138|0x0000000088a00000, 0x0000000088b00000, 0x0000000088b00000|100%| E|CS|TAMS 0x0000000088a00000, 0x0000000088a00000| Complete 
| 139|0x0000000088b00000, 0x0000000088c00000, 0x0000000088c00000|100%| E|CS|TAMS 0x0000000088b00000, 0x0000000088b00000| Complete 
| 140|0x0000000088c00000, 0x0000000088d00000, 0x0000000088d00000|100%| E|CS|TAMS 0x0000000088c00000, 0x0000000088c00000| Complete 
| 141|0x0000000088d00000, 0x0000000088e00000, 0x0000000088e00000|100%| E|CS|TAMS 0x0000000088d00000, 0x0000000088d00000| Complete 
| 142|0x0000000088e00000, 0x0000000088f00000, 0x0000000088f00000|100%| E|CS|TAMS 0x0000000088e00000, 0x0000000088e00000| Complete 
| 143|0x0000000088f00000, 0x0000000089000000, 0x0000000089000000|100%| E|CS|TAMS 0x0000000088f00000, 0x0000000088f00000| Complete 
| 144|0x0000000089000000, 0x0000000089100000, 0x0000000089100000|100%| E|CS|TAMS 0x0000000089000000, 0x0000000089000000| Complete 
| 145|0x0000000089100000, 0x0000000089200000, 0x0000000089200000|100%| E|CS|TAMS 0x0000000089100000, 0x0000000089100000| Complete 
| 146|0x0000000089200000, 0x0000000089300000, 0x0000000089300000|100%| E|  |TAMS 0x0000000089200000, 0x0000000089200000| Complete 
| 147|0x0000000089300000, 0x0000000089400000, 0x0000000089400000|100%| E|CS|TAMS 0x0000000089300000, 0x0000000089300000| Complete 
| 148|0x0000000089400000, 0x0000000089500000, 0x0000000089500000|100%| E|CS|TAMS 0x0000000089400000, 0x0000000089400000| Complete 
| 149|0x0000000089500000, 0x0000000089600000, 0x0000000089600000|100%| E|CS|TAMS 0x0000000089500000, 0x0000000089500000| Complete 
| 203|0x000000008cb00000, 0x000000008cc00000, 0x000000008cc00000|100%| E|CS|TAMS 0x000000008cb00000, 0x000000008cb00000| Complete 
| 204|0x000000008cc00000, 0x000000008cd00000, 0x000000008cd00000|100%| E|CS|TAMS 0x000000008cc00000, 0x000000008cc00000| Complete 
| 205|0x000000008cd00000, 0x000000008ce00000, 0x000000008ce00000|100%| E|CS|TAMS 0x000000008cd00000, 0x000000008cd00000| Complete 
| 206|0x000000008ce00000, 0x000000008cf00000, 0x000000008cf00000|100%| E|CS|TAMS 0x000000008ce00000, 0x000000008ce00000| Complete 
| 207|0x000000008cf00000, 0x000000008d000000, 0x000000008d000000|100%| E|CS|TAMS 0x000000008cf00000, 0x000000008cf00000| Complete 
| 208|0x000000008d000000, 0x000000008d100000, 0x000000008d100000|100%| E|CS|TAMS 0x000000008d000000, 0x000000008d000000| Complete 
| 209|0x000000008d100000, 0x000000008d200000, 0x000000008d200000|100%| E|CS|TAMS 0x000000008d100000, 0x000000008d100000| Complete 
| 210|0x000000008d200000, 0x000000008d300000, 0x000000008d300000|100%| E|CS|TAMS 0x000000008d200000, 0x000000008d200000| Complete 
| 251|0x000000008fb00000, 0x000000008fc00000, 0x000000008fc00000|100%| E|CS|TAMS 0x000000008fb00000, 0x000000008fb00000| Complete 

Card table byte_map: [0x000001e2c52f0000,0x000001e2c56f0000] _byte_map_base: 0x000001e2c4ef0000

Marking Bits (Prev, Next): (CMBitMap*) 0x000001e2b0823f60, (CMBitMap*) 0x000001e2b0823fa0
 Prev Bits: [0x000001e2c5af0000, 0x000001e2c7af0000)
 Next Bits: [0x000001e2c7af0000, 0x000001e2c9af0000)

Polling page: 0x000001e2b0890000

Metaspace:

Usage:
  Non-class:     44.13 MB used.
      Class:      6.86 MB used.
       Both:     50.99 MB used.

Virtual space:
  Non-class space:       48.00 MB reserved,      44.38 MB ( 92%) committed,  6 nodes.
      Class space:        1.00 GB reserved,       7.06 MB ( <1%) committed,  1 nodes.
             Both:        1.05 GB reserved,      51.44 MB (  5%) committed. 

Chunk freelists:
   Non-Class:  3.39 MB
       Class:  931.00 KB
        Both:  4.30 MB

MaxMetaspaceSize: unlimited
CompressedClassSpaceSize: 1.00 GB
Initial GC threshold: 21.00 MB
Current GC threshold: 58.69 MB
CDS: off
MetaspaceReclaimPolicy: balanced
 - commit_granule_bytes: 65536.
 - commit_granule_words: 8192.
 - virtual_space_node_default_size: 1048576.
 - enlarge_chunks_in_place: 1.
 - new_chunks_are_fully_committed: 0.
 - uncommit_free_chunks: 1.
 - use_allocation_guard: 0.
 - handle_deallocations: 1.


Internal statistics:

num_allocs_failed_limit: 6.
num_arena_births: 556.
num_arena_deaths: 0.
num_vsnodes_births: 7.
num_vsnodes_deaths: 0.
num_space_committed: 823.
num_space_uncommitted: 0.
num_chunks_returned_to_freelist: 6.
num_chunks_taken_from_freelist: 2205.
num_chunk_merges: 6.
num_chunk_splits: 1478.
num_chunks_enlarged: 1026.
num_purges: 0.
num_inconsistent_stats: 0.

CodeHeap 'non-profiled nmethods': size=120000Kb used=2660Kb max_used=2660Kb free=117339Kb
 bounds [0x000001e2bcf60000, 0x000001e2bd200000, 0x000001e2c4490000]
CodeHeap 'profiled nmethods': size=120000Kb used=8932Kb max_used=8932Kb free=111067Kb
 bounds [0x000001e2b5490000, 0x000001e2b5d50000, 0x000001e2bc9c0000]
CodeHeap 'non-nmethods': size=5760Kb used=2326Kb max_used=2364Kb free=3433Kb
 bounds [0x000001e2bc9c0000, 0x000001e2bcc30000, 0x000001e2bcf60000]
 total_blobs=5182 nmethods=4352 adapters=742
 compilation: enabled
              stopped_count=0, restarted_count=0
 full_count=0

Compilation events (20 events):
Event: 10.095 Thread 0x000001e2cd081510 4331       1       org.gradle.api.attributes.Attribute::getName (5 bytes)
Event: 10.096 Thread 0x000001e2cd081510 nmethod 4331 0x000001e2bd1f3d90 code [0x000001e2bd1f3f20, 0x000001e2bd1f3ff8]
Event: 10.098 Thread 0x000001e2ce6f5030 4332       4       java.security.SecureClassLoader$CodeSourceKey::equals (60 bytes)
Event: 10.101 Thread 0x000001e2ce6f5030 nmethod 4332 0x000001e2bd1f4090 code [0x000001e2bd1f4220, 0x000001e2bd1f44f8]
Event: 10.101 Thread 0x000001e2ce6f5030 4333       4       java.security.CodeSource::matchCerts (254 bytes)
Event: 10.102 Thread 0x000001e2ce6f5030 nmethod 4333 0x000001e2bd1f4790 code [0x000001e2bd1f4920, 0x000001e2bd1f4a38]
Event: 10.118 Thread 0x000001e2ce6f5030 4334       4       java.lang.ClassLoader::getDefinedPackage (36 bytes)
Event: 10.139 Thread 0x000001e2cd081510 4336       3       java.util.TreeMap::getFirstEntry (26 bytes)
Event: 10.139 Thread 0x000001e2cd081510 nmethod 4336 0x000001e2b5d3e790 code [0x000001e2b5d3e940, 0x000001e2b5d3eb38]
Event: 10.139 Thread 0x000001e2cd081510 4337       3       java.util.TreeMap$PrivateEntryIterator::<init> (28 bytes)
Event: 10.139 Thread 0x000001e2cd081510 nmethod 4337 0x000001e2b5d3ec10 code [0x000001e2b5d3edc0, 0x000001e2b5d3f018]
Event: 10.150 Thread 0x000001e2cd081510 4342       3       java.lang.invoke.DelegatingMethodHandle::<init> (10 bytes)
Event: 10.151 Thread 0x000001e2cd081510 nmethod 4342 0x000001e2b5d3f110 code [0x000001e2b5d3f2e0, 0x000001e2b5d3f698]
Event: 10.151 Thread 0x000001e2cd081510 4343       3       java.lang.invoke.DelegatingMethodHandle::chooseDelegatingForm (24 bytes)
Event: 10.151 Thread 0x000001e2ce6f5030 nmethod 4334 0x000001e2bd1f5a90 code [0x000001e2bd1f5ca0, 0x000001e2bd1f6c68]
Event: 10.152 Thread 0x000001e2cd081510 nmethod 4343 0x000001e2b5d3f810 code [0x000001e2b5d3f9c0, 0x000001e2b5d3fce8]
Event: 10.155 Thread 0x000001e2cd081510 4345       3       com.google.common.collect.RegularImmutableMap::get (64 bytes)
Event: 10.155 Thread 0x000001e2cd081510 nmethod 4345 0x000001e2b5d3fe10 code [0x000001e2b5d40020, 0x000001e2b5d405b8]
Event: 10.155 Thread 0x000001e2cd081510 4344       3       com.google.common.collect.RegularImmutableMap::get (13 bytes)
Event: 10.155 Thread 0x000001e2cd081510 nmethod 4344 0x000001e2b5d40790 code [0x000001e2b5d40920, 0x000001e2b5d40a68]

GC Heap History (20 events):
Event: 2.901 GC heap before
{Heap before GC invocations=1 (full 0):
 garbage-first heap   total 258048K, used 40927K [0x0000000080000000, 0x0000000100000000)
  region size 1024K, 32 young (32768K), 3 survivors (3072K)
 Metaspace       used 11203K, committed 11456K, reserved 1064960K
  class space    used 1162K, committed 1280K, reserved 1048576K
}
Event: 2.906 GC heap after
{Heap after GC invocations=2 (full 0):
 garbage-first heap   total 258048K, used 14608K [0x0000000080000000, 0x0000000100000000)
  region size 1024K, 4 young (4096K), 4 survivors (4096K)
 Metaspace       used 11203K, committed 11456K, reserved 1064960K
  class space    used 1162K, committed 1280K, reserved 1048576K
}
Event: 4.595 GC heap before
{Heap before GC invocations=2 (full 0):
 garbage-first heap   total 258048K, used 51472K [0x0000000080000000, 0x0000000100000000)
  region size 1024K, 41 young (41984K), 4 survivors (4096K)
 Metaspace       used 21245K, committed 21504K, reserved 1073152K
  class space    used 2582K, committed 2752K, reserved 1048576K
}
Event: 4.603 GC heap after
{Heap after GC invocations=3 (full 0):
 garbage-first heap   total 258048K, used 17948K [0x0000000080000000, 0x0000000100000000)
  region size 1024K, 8 young (8192K), 8 survivors (8192K)
 Metaspace       used 21245K, committed 21504K, reserved 1073152K
  class space    used 2582K, committed 2752K, reserved 1048576K
}
Event: 5.451 GC heap before
{Heap before GC invocations=4 (full 0):
 garbage-first heap   total 68608K, used 50716K [0x0000000080000000, 0x0000000100000000)
  region size 1024K, 40 young (40960K), 8 survivors (8192K)
 Metaspace       used 26172K, committed 26496K, reserved 1073152K
  class space    used 3443K, committed 3584K, reserved 1048576K
}
Event: 5.460 GC heap after
{Heap after GC invocations=5 (full 0):
 garbage-first heap   total 68608K, used 19961K [0x0000000080000000, 0x0000000100000000)
  region size 1024K, 3 young (3072K), 3 survivors (3072K)
 Metaspace       used 26172K, committed 26496K, reserved 1073152K
  class space    used 3443K, committed 3584K, reserved 1048576K
}
Event: 5.495 GC heap before
{Heap before GC invocations=5 (full 0):
 garbage-first heap   total 68608K, used 20985K [0x0000000080000000, 0x0000000100000000)
  region size 1024K, 4 young (4096K), 3 survivors (3072K)
 Metaspace       used 26377K, committed 26688K, reserved 1073152K
  class space    used 3477K, committed 3584K, reserved 1048576K
}
Event: 5.498 GC heap after
{Heap after GC invocations=6 (full 0):
 garbage-first heap   total 68608K, used 20337K [0x0000000080000000, 0x0000000100000000)
  region size 1024K, 1 young (1024K), 1 survivors (1024K)
 Metaspace       used 26377K, committed 26688K, reserved 1073152K
  class space    used 3477K, committed 3584K, reserved 1048576K
}
Event: 6.094 GC heap before
{Heap before GC invocations=6 (full 0):
 garbage-first heap   total 68608K, used 46961K [0x0000000080000000, 0x0000000100000000)
  region size 1024K, 27 young (27648K), 1 survivors (1024K)
 Metaspace       used 30555K, committed 30848K, reserved 1081344K
  class space    used 4154K, committed 4288K, reserved 1048576K
}
Event: 6.096 GC heap after
{Heap after GC invocations=7 (full 0):
 garbage-first heap   total 68608K, used 21548K [0x0000000080000000, 0x0000000100000000)
  region size 1024K, 2 young (2048K), 2 survivors (2048K)
 Metaspace       used 30555K, committed 30848K, reserved 1081344K
  class space    used 4154K, committed 4288K, reserved 1048576K
}
Event: 7.853 GC heap before
{Heap before GC invocations=7 (full 0):
 garbage-first heap   total 68608K, used 49196K [0x0000000080000000, 0x0000000100000000)
  region size 1024K, 29 young (29696K), 2 survivors (2048K)
 Metaspace       used 35242K, committed 35584K, reserved 1081344K
  class space    used 4866K, committed 5056K, reserved 1048576K
}
Event: 7.859 GC heap after
{Heap after GC invocations=8 (full 0):
 garbage-first heap   total 68608K, used 23668K [0x0000000080000000, 0x0000000100000000)
  region size 1024K, 4 young (4096K), 4 survivors (4096K)
 Metaspace       used 35242K, committed 35584K, reserved 1081344K
  class space    used 4866K, committed 5056K, reserved 1048576K
}
Event: 7.909 GC heap before
{Heap before GC invocations=8 (full 0):
 garbage-first heap   total 68608K, used 23668K [0x0000000080000000, 0x0000000100000000)
  region size 1024K, 5 young (5120K), 4 survivors (4096K)
 Metaspace       used 35648K, committed 35968K, reserved 1081344K
  class space    used 4875K, committed 5056K, reserved 1048576K
}
Event: 7.915 GC heap after
{Heap after GC invocations=9 (full 0):
 garbage-first heap   total 68608K, used 23848K [0x0000000080000000, 0x0000000100000000)
  region size 1024K, 1 young (1024K), 1 survivors (1024K)
 Metaspace       used 35648K, committed 35968K, reserved 1081344K
  class space    used 4875K, committed 5056K, reserved 1048576K
}
Event: 8.448 GC heap before
{Heap before GC invocations=10 (full 0):
 garbage-first heap   total 68608K, used 49448K [0x0000000080000000, 0x0000000100000000)
  region size 1024K, 27 young (27648K), 1 survivors (1024K)
 Metaspace       used 40381K, committed 40704K, reserved 1089536K
  class space    used 5355K, committed 5504K, reserved 1048576K
}
Event: 8.452 GC heap after
{Heap after GC invocations=11 (full 0):
 garbage-first heap   total 68608K, used 27466K [0x0000000080000000, 0x0000000100000000)
  region size 1024K, 4 young (4096K), 4 survivors (4096K)
 Metaspace       used 40381K, committed 40704K, reserved 1089536K
  class space    used 5355K, committed 5504K, reserved 1048576K
}
Event: 8.455 GC heap before
{Heap before GC invocations=11 (full 0):
 garbage-first heap   total 68608K, used 28490K [0x0000000080000000, 0x0000000100000000)
  region size 1024K, 5 young (5120K), 4 survivors (4096K)
 Metaspace       used 40381K, committed 40704K, reserved 1089536K
  class space    used 5355K, committed 5504K, reserved 1048576K
}
Event: 8.459 GC heap after
{Heap after GC invocations=12 (full 0):
 garbage-first heap   total 68608K, used 27216K [0x0000000080000000, 0x0000000100000000)
  region size 1024K, 1 young (1024K), 1 survivors (1024K)
 Metaspace       used 40381K, committed 40704K, reserved 1089536K
  class space    used 5355K, committed 5504K, reserved 1048576K
}
Event: 8.883 GC heap before
{Heap before GC invocations=12 (full 0):
 garbage-first heap   total 68608K, used 52816K [0x0000000080000000, 0x0000000100000000)
  region size 1024K, 23 young (23552K), 1 survivors (1024K)
 Metaspace       used 43129K, committed 43520K, reserved 1089536K
  class space    used 5666K, committed 5824K, reserved 1048576K
}
Event: 8.887 GC heap after
{Heap after GC invocations=13 (full 0):
 garbage-first heap   total 162816K, used 28947K [0x0000000080000000, 0x0000000100000000)
  region size 1024K, 3 young (3072K), 3 survivors (3072K)
 Metaspace       used 43129K, committed 43520K, reserved 1089536K
  class space    used 5666K, committed 5824K, reserved 1048576K
}

Dll operation events (2 events):
Event: 0.088 Loaded shared library C:\Program Files\Android\Android Studio\jbr\bin\java.dll
Event: 1.350 Loaded shared library C:\Program Files\Android\Android Studio\jbr\bin\verify.dll

Deoptimization events (20 events):
Event: 9.873 Thread 0x000001e2ce31e6e0 Uncommon trap: trap_request=0xffffffc6 fr.pc=0x000001e2bd0af760 relative=0x0000000000000220
Event: 9.873 Thread 0x000001e2ce31e6e0 Uncommon trap: reason=bimorphic_or_optimized_type_check action=maybe_recompile pc=0x000001e2bd0af760 method=com.google.common.base.CharMatcher.indexIn(Ljava/lang/CharSequence;I)I @ 31 c2
Event: 9.873 Thread 0x000001e2ce31e6e0 DEOPT PACKING pc=0x000001e2bd0af760 sp=0x000000c45dbf92d0
Event: 9.873 Thread 0x000001e2ce31e6e0 DEOPT UNPACKING pc=0x000001e2bca1a1a3 sp=0x000000c45dbf9278 mode 2
Event: 9.884 Thread 0x000001e2ce31e6e0 Uncommon trap: trap_request=0xffffff45 fr.pc=0x000001e2bcfda4e4 relative=0x00000000000001c4
Event: 9.884 Thread 0x000001e2ce31e6e0 Uncommon trap: reason=unstable_if action=reinterpret pc=0x000001e2bcfda4e4 method=java.net.URI$Parser.scan(IILjava/lang/String;)I @ 26 c2
Event: 9.884 Thread 0x000001e2ce31e6e0 DEOPT PACKING pc=0x000001e2bcfda4e4 sp=0x000000c45dbf87d0
Event: 9.884 Thread 0x000001e2ce31e6e0 DEOPT UNPACKING pc=0x000001e2bca1a1a3 sp=0x000000c45dbf8760 mode 2
Event: 9.884 Thread 0x000001e2ce31e6e0 Uncommon trap: trap_request=0xffffff45 fr.pc=0x000001e2bcfb22b4 relative=0x0000000000000114
Event: 9.884 Thread 0x000001e2ce31e6e0 Uncommon trap: reason=unstable_if action=reinterpret pc=0x000001e2bcfb22b4 method=java.net.URI.match(CJJ)Z @ 45 c2
Event: 9.884 Thread 0x000001e2ce31e6e0 DEOPT PACKING pc=0x000001e2bcfb22b4 sp=0x000000c45dbf8540
Event: 9.884 Thread 0x000001e2ce31e6e0 DEOPT UNPACKING pc=0x000001e2bca1a1a3 sp=0x000000c45dbf8478 mode 2
Event: 9.884 Thread 0x000001e2ce31e6e0 Uncommon trap: trap_request=0xffffff45 fr.pc=0x000001e2bcf820c8 relative=0x0000000000000048
Event: 9.884 Thread 0x000001e2ce31e6e0 Uncommon trap: reason=unstable_if action=reinterpret pc=0x000001e2bcf820c8 method=java.net.URI.match(CJJ)Z @ 19 c2
Event: 9.884 Thread 0x000001e2ce31e6e0 DEOPT PACKING pc=0x000001e2bcf820c8 sp=0x000000c45dbf8550
Event: 9.884 Thread 0x000001e2ce31e6e0 DEOPT UNPACKING pc=0x000001e2bca1a1a3 sp=0x000000c45dbf8500 mode 2
Event: 10.102 Thread 0x000001e2ce31e6e0 Uncommon trap: trap_request=0xffffffcc fr.pc=0x000001e2bd1e5a54 relative=0x0000000000000334
Event: 10.102 Thread 0x000001e2ce31e6e0 Uncommon trap: reason=intrinsic_or_type_checked_inlining action=make_not_entrant pc=0x000001e2bd1e5a54 method=java.util.Arrays.copyOf([Ljava/lang/Object;ILjava/lang/Class;)[Ljava/lang/Object; @ 35 c2
Event: 10.102 Thread 0x000001e2ce31e6e0 DEOPT PACKING pc=0x000001e2bd1e5a54 sp=0x000000c45dbf8030
Event: 10.102 Thread 0x000001e2ce31e6e0 DEOPT UNPACKING pc=0x000001e2bca1a1a3 sp=0x000000c45dbf7fc0 mode 2

Classes unloaded (0 events):
No events

Classes redefined (0 events):
No events

Internal exceptions (20 events):
Event: 8.829 Thread 0x000001e2ce31e6e0 Exception <a 'java/lang/NoSuchMethodError'{0x0000000082e1f708}: 'java.lang.Object java.lang.invoke.DirectMethodHandle$Holder.invokeStatic(java.lang.Object, java.lang.Object, java.lang.Object, java.lang.Object, java.lang.Object, java.lang.Object, java.lang.Object, java.lang.Object, java.lang.Object, java.lang.Object, java.lang.Object, java.lang.Object, java.lang.Object, java.lang.Object, java.lang.Object, java.lang.Object, java.lang.Object, java.lang.Object, java.lang.Object, java.lang.Object, java.lang.Obj
Event: 8.831 Thread 0x000001e2ce31e6e0 Exception <a 'java/lang/NoSuchMethodError'{0x0000000082e4a768}: 'java.lang.Object java.lang.invoke.DirectMethodHandle$Holder.invokeStatic(java.lang.Object, java.lang.Object, java.lang.Object, java.lang.Object, java.lang.Object, java.lang.Object, java.lang.Object, java.lang.Object, java.lang.Object, java.lang.Object, java.lang.Object, java.lang.Object, java.lang.Object, java.lang.Object, java.lang.Object, java.lang.Object, java.lang.Object, java.lang.Object, java.lang.Object, java.lang.Object, java.lang.Obj
Event: 8.834 Thread 0x000001e2ce31e6e0 Exception <a 'java/lang/NoSuchMethodError'{0x0000000082e774d8}: 'java.lang.Object java.lang.invoke.DirectMethodHandle$Holder.invokeStatic(java.lang.Object, java.lang.Object, java.lang.Object, java.lang.Object, java.lang.Object, java.lang.Object, java.lang.Object, java.lang.Object, java.lang.Object, java.lang.Object, java.lang.Object, java.lang.Object, java.lang.Object, java.lang.Object, java.lang.Object, java.lang.Object, java.lang.Object, java.lang.Object, java.lang.Object, java.lang.Object, java.lang.Obj
Event: 8.838 Thread 0x000001e2ce31e6e0 Exception <a 'java/lang/NoSuchMethodError'{0x0000000082ea5888}: 'java.lang.Object java.lang.invoke.DirectMethodHandle$Holder.invokeStatic(java.lang.Object, java.lang.Object, java.lang.Object, java.lang.Object, java.lang.Object, java.lang.Object, java.lang.Object, java.lang.Object, java.lang.Object, java.lang.Object, java.lang.Object, java.lang.Object, java.lang.Object, java.lang.Object, java.lang.Object, java.lang.Object, java.lang.Object, java.lang.Object, java.lang.Object, java.lang.Object, java.lang.Obj
Event: 8.963 Thread 0x000001e2ce31e6e0 Exception <a 'java/lang/IncompatibleClassChangeError'{0x00000000895dd550}: Found class java.lang.Object, but interface was expected> (0x00000000895dd550) 
thrown [s\src\hotspot\share\interpreter\linkResolver.cpp, line 838]
Event: 9.056 Thread 0x000001e2ce31e6e0 Exception <a 'java/lang/IncompatibleClassChangeError'{0x00000000890a2758}: Found class java.lang.Object, but interface was expected> (0x00000000890a2758) 
thrown [s\src\hotspot\share\interpreter\linkResolver.cpp, line 838]
Event: 9.077 Thread 0x000001e2ce31e6e0 Exception <a 'java/lang/NoSuchMethodError'{0x0000000088ffb0c0}: 'int java.lang.invoke.DirectMethodHandle$Holder.invokeStaticInit(java.lang.Object, java.lang.Object, java.lang.Object, java.lang.Object, java.lang.Object)'> (0x0000000088ffb0c0) 
thrown [s\src\hotspot\share\interpreter\linkResolver.cpp, line 771]
Event: 9.227 Thread 0x000001e2ce31e6e0 Implicit null exception at 0x000001e2bd0f426c to 0x000001e2bd0f4310
Event: 9.336 Thread 0x000001e2ce31e6e0 Exception <a 'java/lang/NoSuchMethodError'{0x000000008839b7a8}: 'void java.lang.invoke.DirectMethodHandle$Holder.invokeInterface(java.lang.Object, java.lang.Object)'> (0x000000008839b7a8) 
thrown [s\src\hotspot\share\interpreter\linkResolver.cpp, line 771]
Event: 9.344 Thread 0x000001e2ce31e6e0 Exception <a 'java/lang/IncompatibleClassChangeError'{0x00000000883f5ed8}: Found class java.lang.Object, but interface was expected> (0x00000000883f5ed8) 
thrown [s\src\hotspot\share\interpreter\linkResolver.cpp, line 838]
Event: 9.367 Thread 0x000001e2ce31e6e0 Exception <a 'java/lang/NoSuchMethodError'{0x000000008817bad0}: 'java.lang.Object java.lang.invoke.DirectMethodHandle$Holder.newInvokeSpecial(java.lang.Object, int, java.lang.Object)'> (0x000000008817bad0) 
thrown [s\src\hotspot\share\interpreter\linkResolver.cpp, line 771]
Event: 9.552 Thread 0x000001e2ce31f550 Exception <a 'java/lang/NoSuchMethodError'{0x000000008758fd90}: static Lorg/gradle/internal/build/event/types/DefaultOperationStartedProgressEvent;.<clinit>()V> (0x000000008758fd90) 
thrown [s\src\hotspot\share\prims\jni.cpp, line 1108]
Event: 9.552 Thread 0x000001e2ce31f550 Exception <a 'java/lang/NoSuchMethodError'{0x0000000087591418}: static Lorg/gradle/internal/build/event/types/AbstractProgressEvent;.<clinit>()V> (0x0000000087591418) 
thrown [s\src\hotspot\share\prims\jni.cpp, line 1108]
Event: 9.554 Thread 0x000001e2ce31f550 Exception <a 'java/lang/NoSuchMethodError'{0x00000000875a1b48}: static Lorg/gradle/internal/build/event/types/DefaultProjectConfigurationDescriptor;.<clinit>()V> (0x00000000875a1b48) 
thrown [s\src\hotspot\share\prims\jni.cpp, line 1108]
Event: 9.554 Thread 0x000001e2ce31f550 Exception <a 'java/lang/NoSuchMethodError'{0x00000000875a3e70}: static Lorg/gradle/internal/build/event/types/DefaultOperationDescriptor;.<clinit>()V> (0x00000000875a3e70) 
thrown [s\src\hotspot\share\prims\jni.cpp, line 1108]
Event: 9.557 Thread 0x000001e2ce31f550 Exception <a 'java/lang/NoSuchMethodError'{0x00000000875b8db8}: static Lorg/gradle/internal/operations/OperationIdentifier;.<clinit>()V> (0x00000000875b8db8) 
thrown [s\src\hotspot\share\prims\jni.cpp, line 1108]
Event: 10.128 Thread 0x000001e2ce31e6e0 Exception <a 'java/lang/NoSuchMethodError'{0x00000000858b74d8}: 'int java.lang.invoke.DirectMethodHandle$Holder.invokeStatic(java.lang.Object)'> (0x00000000858b74d8) 
thrown [s\src\hotspot\share\interpreter\linkResolver.cpp, line 771]
Event: 10.129 Thread 0x000001e2ce31e6e0 Exception <a 'java/lang/NoSuchMethodError'{0x00000000858bbb70}: 'int java.lang.invoke.DirectMethodHandle$Holder.invokeStaticInit(java.lang.Object)'> (0x00000000858bbb70) 
thrown [s\src\hotspot\share\interpreter\linkResolver.cpp, line 771]
Event: 10.142 Thread 0x000001e2ce31e6e0 Exception <a 'java/lang/NoSuchMethodError'{0x0000000085730938}: 'java.lang.Object java.lang.invoke.DirectMethodHandle$Holder.newInvokeSpecial(java.lang.Object, java.lang.Object, java.lang.Object, java.lang.Object, java.lang.Object, int)'> (0x0000000085730938) 
thrown [s\src\hotspot\share\interpreter\linkResolver.cpp, line 771]
Event: 10.142 Thread 0x000001e2ce31e6e0 Exception <a 'java/lang/NoSuchMethodError'{0x0000000085735f90}: 'java.lang.Object java.lang.invoke.DirectMethodHandle$Holder.invokeSpecial(java.lang.Object, java.lang.Object, java.lang.Object, java.lang.Object, java.lang.Object, java.lang.Object, int)'> (0x0000000085735f90) 
thrown [s\src\hotspot\share\interpreter\linkResolver.cpp, line 771]

VM Operations (20 events):
Event: 8.873 Executing VM operation: ICBufferFull
Event: 8.873 Executing VM operation: ICBufferFull done
Event: 8.882 Executing VM operation: G1CollectForAllocation
Event: 8.887 Executing VM operation: G1CollectForAllocation done
Event: 8.965 Executing VM operation: HandshakeAllThreads
Event: 8.965 Executing VM operation: HandshakeAllThreads done
Event: 9.013 Executing VM operation: HandshakeAllThreads
Event: 9.013 Executing VM operation: HandshakeAllThreads done
Event: 9.060 Executing VM operation: HandshakeAllThreads
Event: 9.061 Executing VM operation: HandshakeAllThreads done
Event: 9.182 Executing VM operation: HandshakeAllThreads
Event: 9.182 Executing VM operation: HandshakeAllThreads done
Event: 9.501 Executing VM operation: HandshakeAllThreads
Event: 9.502 Executing VM operation: HandshakeAllThreads done
Event: 9.538 Executing VM operation: HandshakeAllThreads
Event: 9.538 Executing VM operation: HandshakeAllThreads done
Event: 9.552 Executing VM operation: ICBufferFull
Event: 9.553 Executing VM operation: ICBufferFull done
Event: 10.096 Executing VM operation: HandshakeAllThreads
Event: 10.097 Executing VM operation: HandshakeAllThreads done

Events (20 events):
Event: 9.890 loading class java/io/DeleteOnExitHook$1
Event: 9.890 loading class java/io/DeleteOnExitHook$1 done
Event: 9.928 loading class javax/net/ssl/HostnameVerifier
Event: 9.928 loading class javax/net/ssl/HostnameVerifier done
Event: 9.930 loading class javax/net/ssl/TrustManager
Event: 9.931 loading class javax/net/ssl/TrustManager done
Event: 9.931 loading class javax/net/ssl/X509TrustManager
Event: 9.932 loading class javax/net/ssl/X509TrustManager done
Event: 9.934 loading class javax/net/ssl/SSLException
Event: 9.934 loading class javax/net/ssl/SSLException done
Event: 9.934 loading class java/security/cert/CertificateParsingException
Event: 9.934 loading class java/security/cert/CertificateException
Event: 9.934 loading class java/security/cert/CertificateException done
Event: 9.934 loading class java/security/cert/CertificateParsingException done
Event: 9.934 loading class javax/net/ssl/SSLPeerUnverifiedException
Event: 9.934 loading class javax/net/ssl/SSLPeerUnverifiedException done
Event: 9.934 loading class javax/naming/NamingException
Event: 9.934 loading class javax/naming/NamingException done
Event: 9.934 loading class javax/naming/InvalidNameException
Event: 9.934 loading class javax/naming/InvalidNameException done


Dynamic libraries:
0x00007ff6ec110000 - 0x00007ff6ec11a000 	C:\Program Files\Android\Android Studio\jbr\bin\java.exe
0x00007ff889e30000 - 0x00007ff88a047000 	C:\WINDOWS\SYSTEM32\ntdll.dll
0x00007ff888da0000 - 0x00007ff888e64000 	C:\WINDOWS\System32\KERNEL32.DLL
0x00007ff8877d0000 - 0x00007ff887b75000 	C:\WINDOWS\System32\KERNELBASE.dll
0x00007ff877a50000 - 0x00007ff877a67000 	C:\Program Files\Android\Android Studio\jbr\bin\jli.dll
0x00007ff887d20000 - 0x00007ff887ece000 	C:\WINDOWS\System32\USER32.dll
0x00007ff887670000 - 0x00007ff887696000 	C:\WINDOWS\System32\win32u.dll
0x00007ff889030000 - 0x00007ff889059000 	C:\WINDOWS\System32\GDI32.dll
0x00007ff887550000 - 0x00007ff887669000 	C:\WINDOWS\System32\gdi32full.dll
0x00007ff887340000 - 0x00007ff8873da000 	C:\WINDOWS\System32\msvcp_win.dll
0x00007ff86f6e0000 - 0x00007ff86f973000 	C:\WINDOWS\WinSxS\amd64_microsoft.windows.common-controls_6595b64144ccf1df_6.0.22621.2506_none_270c5ae97388e100\COMCTL32.dll
0x00007ff86fd40000 - 0x00007ff86fd5b000 	C:\Program Files\Android\Android Studio\jbr\bin\VCRUNTIME140.dll
0x00007ff8894e0000 - 0x00007ff889587000 	C:\WINDOWS\System32\msvcrt.dll
0x00007ff887220000 - 0x00007ff887331000 	C:\WINDOWS\System32\ucrtbase.dll
0x00007ff887b80000 - 0x00007ff887bb1000 	C:\WINDOWS\System32\IMM32.DLL
0x00007ff877440000 - 0x00007ff87744c000 	C:\Program Files\Android\Android Studio\jbr\bin\vcruntime140_1.dll
0x00007ff841160000 - 0x00007ff8411ed000 	C:\Program Files\Android\Android Studio\jbr\bin\msvcp140.dll
0x00007ff81d360000 - 0x00007ff81dfce000 	C:\Program Files\Android\Android Studio\jbr\bin\server\jvm.dll
0x00007ff888620000 - 0x00007ff8886d1000 	C:\WINDOWS\System32\ADVAPI32.dll
0x00007ff888060000 - 0x00007ff888106000 	C:\WINDOWS\System32\sechost.dll
0x00007ff888e90000 - 0x00007ff888fa7000 	C:\WINDOWS\System32\RPCRT4.dll
0x00007ff8825a0000 - 0x00007ff8825a9000 	C:\WINDOWS\SYSTEM32\WSOCK32.dll
0x00007ff888fb0000 - 0x00007ff889021000 	C:\WINDOWS\System32\WS2_32.dll
0x00007ff87f8b0000 - 0x00007ff87f8e4000 	C:\WINDOWS\SYSTEM32\WINMM.dll
0x00007ff87b320000 - 0x00007ff87b32a000 	C:\WINDOWS\SYSTEM32\VERSION.dll
0x00007ff886100000 - 0x00007ff886118000 	C:\WINDOWS\SYSTEM32\kernel.appcore.dll
0x00007ff882590000 - 0x00007ff88259a000 	C:\Program Files\Android\Android Studio\jbr\bin\jimage.dll
0x00007ff8845e0000 - 0x00007ff884813000 	C:\WINDOWS\SYSTEM32\DBGHELP.DLL
0x00007ff888210000 - 0x00007ff888599000 	C:\WINDOWS\System32\combase.dll
0x00007ff887c40000 - 0x00007ff887d17000 	C:\WINDOWS\System32\OLEAUT32.dll
0x00007ff87f830000 - 0x00007ff87f862000 	C:\WINDOWS\SYSTEM32\dbgcore.DLL
0x00007ff8871a0000 - 0x00007ff88721a000 	C:\WINDOWS\System32\bcryptPrimitives.dll
0x00007ff87d4e0000 - 0x00007ff87d505000 	C:\Program Files\Android\Android Studio\jbr\bin\java.dll
0x00007ff87c940000 - 0x00007ff87c958000 	C:\Program Files\Android\Android Studio\jbr\bin\zip.dll
0x00007ff889590000 - 0x00007ff889de9000 	C:\WINDOWS\System32\SHELL32.dll
0x00007ff885070000 - 0x00007ff885964000 	C:\WINDOWS\SYSTEM32\windows.storage.dll
0x00007ff884f30000 - 0x00007ff88506e000 	C:\WINDOWS\SYSTEM32\wintypes.dll
0x00007ff888110000 - 0x00007ff888203000 	C:\WINDOWS\System32\SHCORE.dll
0x00007ff888920000 - 0x00007ff88897e000 	C:\WINDOWS\System32\shlwapi.dll
0x00007ff8870d0000 - 0x00007ff8870f6000 	C:\WINDOWS\SYSTEM32\profapi.dll
0x00007ff879120000 - 0x00007ff879139000 	C:\Program Files\Android\Android Studio\jbr\bin\net.dll
0x00007ff87d1e0000 - 0x00007ff87d317000 	C:\WINDOWS\SYSTEM32\WINHTTP.dll
0x00007ff8865d0000 - 0x00007ff886639000 	C:\WINDOWS\system32\mswsock.dll
0x00007ff879100000 - 0x00007ff879116000 	C:\Program Files\Android\Android Studio\jbr\bin\nio.dll
0x00007ff8790f0000 - 0x00007ff879100000 	C:\Program Files\Android\Android Studio\jbr\bin\verify.dll
0x00007ff8764d0000 - 0x00007ff8764f7000 	C:\Users\Dell\.gradle\native\68d5fa5c4cc2d200863cafc0d521ce42e7d3e7ee720ec0a83991735586a16f82\windows-amd64\native-platform.dll
0x00007ff8345a0000 - 0x00007ff8346e4000 	C:\Users\Dell\.gradle\native\e376f236ea51e6404a007f0833ffe2c6e607c4080706a723a18a27aeea778392\windows-amd64\native-platform-file-events.dll
0x00007ff878360000 - 0x00007ff878369000 	C:\Program Files\Android\Android Studio\jbr\bin\management.dll
0x00007ff878340000 - 0x00007ff87834b000 	C:\Program Files\Android\Android Studio\jbr\bin\management_ext.dll
0x00007ff888d90000 - 0x00007ff888d98000 	C:\WINDOWS\System32\PSAPI.DLL
0x00007ff886920000 - 0x00007ff88693b000 	C:\WINDOWS\SYSTEM32\CRYPTSP.dll
0x00007ff8860c0000 - 0x00007ff8860f5000 	C:\WINDOWS\system32\rsaenh.dll
0x00007ff886670000 - 0x00007ff88669c000 	C:\WINDOWS\SYSTEM32\USERENV.dll
0x00007ff886ac0000 - 0x00007ff886ae8000 	C:\WINDOWS\SYSTEM32\bcrypt.dll
0x00007ff886900000 - 0x00007ff88690c000 	C:\WINDOWS\SYSTEM32\CRYPTBASE.dll
0x00007ff885bd0000 - 0x00007ff885bfd000 	C:\WINDOWS\SYSTEM32\IPHLPAPI.DLL
0x00007ff8886e0000 - 0x00007ff8886e9000 	C:\WINDOWS\System32\NSI.dll
0x00007ff87ce90000 - 0x00007ff87cea9000 	C:\WINDOWS\SYSTEM32\dhcpcsvc6.DLL
0x00007ff87ceb0000 - 0x00007ff87cecf000 	C:\WINDOWS\SYSTEM32\dhcpcsvc.DLL
0x00007ff885c00000 - 0x00007ff885cf9000 	C:\WINDOWS\SYSTEM32\DNSAPI.dll
0x00007fffda490000 - 0x00007fffda498000 	C:\WINDOWS\system32\wshunix.dll

dbghelp: loaded successfully - version: 4.0.5 - missing functions: none
symbol engine: initialized successfully - sym options: 0x614 - pdb path: .;C:\Program Files\Android\Android Studio\jbr\bin;C:\WINDOWS\SYSTEM32;C:\WINDOWS\WinSxS\amd64_microsoft.windows.common-controls_6595b64144ccf1df_6.0.22621.2506_none_270c5ae97388e100;C:\Program Files\Android\Android Studio\jbr\bin\server;C:\Users\Dell\.gradle\native\68d5fa5c4cc2d200863cafc0d521ce42e7d3e7ee720ec0a83991735586a16f82\windows-amd64;C:\Users\Dell\.gradle\native\e376f236ea51e6404a007f0833ffe2c6e607c4080706a723a18a27aeea778392\windows-amd64

VM Arguments:
jvm_args: --add-opens=java.base/java.util=ALL-UNNAMED --add-opens=java.base/java.lang=ALL-UNNAMED --add-opens=java.base/java.lang.invoke=ALL-UNNAMED --add-opens=java.prefs/java.util.prefs=ALL-UNNAMED --add-opens=java.base/java.nio.charset=ALL-UNNAMED --add-opens=java.base/java.net=ALL-UNNAMED --add-opens=java.base/java.util.concurrent.atomic=ALL-UNNAMED -Xmx2048m -Dfile.encoding=UTF-8 -Duser.country=US -Duser.language=en -Duser.variant 
java_command: org.gradle.launcher.daemon.bootstrap.GradleDaemon 8.0
java_class_path (initial): C:\Users\Dell\.gradle\wrapper\dists\gradle-8.0-bin\ca5e32bp14vu59qr306oxotwh\gradle-8.0\lib\gradle-launcher-8.0.jar
Launcher Type: SUN_STANDARD

[Global flags]
     intx CICompilerCount                          = 4                                         {product} {ergonomic}
     uint ConcGCThreads                            = 2                                         {product} {ergonomic}
     uint G1ConcRefinementThreads                  = 8                                         {product} {ergonomic}
   size_t G1HeapRegionSize                         = 1048576                                   {product} {ergonomic}
    uintx GCDrainStackTargetSize                   = 64                                        {product} {ergonomic}
   size_t InitialHeapSize                          = 264241152                                 {product} {ergonomic}
   size_t MarkStackSize                            = 4194304                                   {product} {ergonomic}
   size_t MaxHeapSize                              = 2147483648                                {product} {command line}
   size_t MaxNewSize                               = 1287651328                                {product} {ergonomic}
   size_t MinHeapDeltaBytes                        = 1048576                                   {product} {ergonomic}
   size_t MinHeapSize                              = 8388608                                   {product} {ergonomic}
    uintx NonNMethodCodeHeapSize                   = 5839372                                {pd product} {ergonomic}
    uintx NonProfiledCodeHeapSize                  = 122909434                              {pd product} {ergonomic}
    uintx ProfiledCodeHeapSize                     = 122909434                              {pd product} {ergonomic}
    uintx ReservedCodeCacheSize                    = 251658240                              {pd product} {ergonomic}
     bool SegmentedCodeCache                       = true                                      {product} {ergonomic}
   size_t SoftMaxHeapSize                          = 2147483648                             {manageable} {ergonomic}
     bool UseCompressedClassPointers               = true                           {product lp64_product} {ergonomic}
     bool UseCompressedOops                        = true                           {product lp64_product} {ergonomic}
     bool UseG1GC                                  = true                                      {product} {ergonomic}
     bool UseLargePagesIndividualAllocation        = false                                  {pd product} {ergonomic}

Logging:
Log output configuration:
 #0: stdout all=warning uptime,level,tags
 #1: stderr all=off uptime,level,tags

Environment Variables:
PATH=C:\Apps\dbhomeXE\bin;C:\Program Files\Common Files\Oracle\Java\javapath;C:\WINDOWS\system32;C:\WINDOWS;C:\WINDOWS\System32\Wbem;C:\WINDOWS\System32\WindowsPowerShell\v1.0\;C:\WINDOWS\System32\OpenSSH\;C:\Program Files\Microsoft SQL Server\150\Tools\Binn\;C:\Program Files\dotnet\;C:\Program Files\Git\cmd;C:\Users\Dell\AppData\Local\Microsoft\WindowsApps;C:\Users\Dell\AppData\Local\Programs\Microsoft VS Code\bin;C:\ProgramData\Dell\GitHubDesktop\bin;C:\Users\Dell\.dotnet\tools
USERNAME=Rachel FONG Tong Wen
OS=Windows_NT
PROCESSOR_IDENTIFIER=Intel64 Family 6 Model 140 Stepping 2, GenuineIntel
TMP=C:\Users\Dell\AppData\Local\Temp
TEMP=C:\Users\Dell\AppData\Local\Temp


JNI global refs:
JNI global refs: 24, weak refs: 1

JNI global refs memory usage: 843, weak refs: 841


---------------  S Y S T E M  ---------------

OS:
 Windows 11 , 64 bit Build 22621 (10.0.22621.2506)
OS uptime: 17 days 12:29 hours
Hyper-V role detected

CPU: total 8 (initial active 8) (4 cores per cpu, 2 threads per core) family 6 model 140 stepping 2 microcode 0x16, cx8, cmov, fxsr, ht, mmx, 3dnowpref, sse, sse2, sse3, ssse3, sse4.1, sse4.2, popcnt, lzcnt, tsc, tscinvbit, avx, avx2, aes, erms, clmul, bmi1, bmi2, adx, avx512f, avx512dq, avx512cd, avx512bw, avx512vl, sha, fma, vzeroupper, avx512_vpopcntdq, avx512_vpclmulqdq, avx512_vaes, avx512_vnni, clflush, clflushopt, clwb, avx512_vbmi2, avx512_vbmi, hv

Memory: 4k page, system-wide physical 16122M (511M free)
TotalPageFile size 65274M (AvailPageFile size 3M)
current process WorkingSet (physical memory assigned to process): 292M, peak: 292M
current process commit charge ("private bytes"): 359M, peak: 394M

vm_info: OpenJDK 64-Bit Server VM (17.0.6+0-b2043.56-10027231) for windows-amd64 JRE (17.0.6+0-b2043.56-10027231), built on Apr 28 2023 00:43:19 by "androidbuild" with MS VC++ 16.10 / 16.11 (VS2019)

END.
